time="2023-11-10T17:46:38+05:30" level=info msg="{{0 0001-01-01 00:00:00 +0000 UTC 0001-01-01 00:00:00 +0000 UTC {0001-01-01 00:00:00 +0000 UTC false}} 1 KL Rahul 28 34}"
time="2023-11-10T17:46:38+05:30" level=info msg="player added 0 {{0 0001-01-01 00:00:00 +0000 UTC 0001-01-01 00:00:00 +0000 UTC {0001-01-01 00:00:00 +0000 UTC false}} 1 KL Rahul 28 34}"
time="2023-11-10T17:46:38+05:30" level=info msg="player added 1 {{0 0001-01-01 00:00:00 +0000 UTC 0001-01-01 00:00:00 +0000 UTC {0001-01-01 00:00:00 +0000 UTC false}} 2 Virat 35 49}"
time="2023-11-10T17:46:38+05:30" level=info msg="{{0 0001-01-01 00:00:00 +0000 UTC 0001-01-01 00:00:00 +0000 UTC {0001-01-01 00:00:00 +0000 UTC false}} 2 Virat 35 49}"
time="2023-11-10T17:46:38+05:30" level=info msg="player added 2 {{0 0001-01-01 00:00:00 +0000 UTC 0001-01-01 00:00:00 +0000 UTC {0001-01-01 00:00:00 +0000 UTC false}} 3 Rohit 33 30}"
time="2023-11-10T17:46:38+05:30" level=info msg="{{0 0001-01-01 00:00:00 +0000 UTC 0001-01-01 00:00:00 +0000 UTC {0001-01-01 00:00:00 +0000 UTC false}} 3 Rohit 33 30}"
time="2023-11-10T17:46:38+05:30" level=info msg="player added 3 {{0 0001-01-01 00:00:00 +0000 UTC 0001-01-01 00:00:00 +0000 UTC {0001-01-01 00:00:00 +0000 UTC false}} 4 Shubhman 25 5}"
time="2023-11-10T17:46:38+05:30" level=info msg="{{0 0001-01-01 00:00:00 +0000 UTC 0001-01-01 00:00:00 +0000 UTC {0001-01-01 00:00:00 +0000 UTC false}} 4 Shubhman 25 5}"
time="2023-11-10T17:46:39+05:30" level=info msg="{{0 0001-01-01 00:00:00 +0000 UTC 0001-01-01 00:00:00 +0000 UTC {0001-01-01 00:00:00 +0000 UTC false}} 5 Surya 33 4}"
time="2023-11-10T17:46:39+05:30" level=info msg="player added 4 {{0 0001-01-01 00:00:00 +0000 UTC 0001-01-01 00:00:00 +0000 UTC {0001-01-01 00:00:00 +0000 UTC false}} 5 Surya 33 4}"
time="2023-11-10T17:46:39+05:30" level=info msg="player updated 1 {{1 2023-11-10 17:46:38.976 +0530 IST 2023-11-10 17:46:38.976 +0530 IST {0001-01-01 00:00:00 +0000 UTC false}} 1 KL Rahul 28 36}"
time="2023-11-10T17:46:39+05:30" level=info msg="{{1 2023-11-10 17:46:38.976 +0530 IST 2023-11-10 17:46:38.976 +0530 IST {0001-01-01 00:00:00 +0000 UTC false}} 1 KL Rahul 28 36}"
time="2023-11-10T17:46:41+05:30" level=info msg="player updated 2 {{2 2023-11-10 17:46:38.985 +0530 IST 2023-11-10 17:46:38.985 +0530 IST {0001-01-01 00:00:00 +0000 UTC false}} 2 Virat 35 50}"
time="2023-11-10T17:46:41+05:30" level=info msg="{{2 2023-11-10 17:46:38.985 +0530 IST 2023-11-10 17:46:38.985 +0530 IST {0001-01-01 00:00:00 +0000 UTC false}} 2 Virat 35 50}"
time="2023-11-10T17:46:42+05:30" level=info msg="player updated 3 {{3 2023-11-10 17:46:38.99 +0530 IST 2023-11-10 17:46:38.99 +0530 IST {0001-01-01 00:00:00 +0000 UTC false}} 3 Rohit 33 31}"
time="2023-11-10T17:46:42+05:30" level=info msg="{{3 2023-11-10 17:46:38.99 +0530 IST 2023-11-10 17:46:38.99 +0530 IST {0001-01-01 00:00:00 +0000 UTC false}} 3 Rohit 33 31}"
time="2023-11-10T17:46:43+05:30" level=info msg="player updated 4 {{4 2023-11-10 17:46:38.996 +0530 IST 2023-11-10 17:46:38.996 +0530 IST {0001-01-01 00:00:00 +0000 UTC false}} 4 Shubhman 25 7}"
time="2023-11-10T17:46:43+05:30" level=info msg="{{4 2023-11-10 17:46:38.996 +0530 IST 2023-11-10 17:46:38.996 +0530 IST {0001-01-01 00:00:00 +0000 UTC false}} 4 Shubhman 25 7}"
time="2023-11-10T17:46:44+05:30" level=info msg="player updated 5 {{5 2023-11-10 17:46:39.001 +0530 IST 2023-11-10 17:46:39.001 +0530 IST {0001-01-01 00:00:00 +0000 UTC false}} 5 Surya 33 6}"
time="2023-11-10T17:46:44+05:30" level=info msg="{{5 2023-11-10 17:46:39.001 +0530 IST 2023-11-10 17:46:39.001 +0530 IST {0001-01-01 00:00:00 +0000 UTC false}} 5 Surya 33 6}"
time="2023-11-10T17:46:44+05:30" level=info msg=5
